-------------------------------------------------------------------------------
Test set: com.josp.system.service.MenuServiceTest
-------------------------------------------------------------------------------
Tests run: 14, Failures: 0, Errors: 12, Skipped: 0, Time elapsed: 0.050 s <<< FAILURE! -- in com.josp.system.service.MenuServiceTest
com.josp.system.service.MenuServiceTest.testDeleteMenu_Success -- Time elapsed: 0.033 s <<< ERROR!
com.baomidou.mybatisplus.core.exceptions.MybatisPlusException: baseMapper can not be null
	at com.baomidou.mybatisplus.core.toolkit.ExceptionUtils.mpe(ExceptionUtils.java:49)
	at com.baomidou.mybatisplus.core.toolkit.Assert.isTrue(Assert.java:38)
	at com.baomidou.mybatisplus.core.toolkit.Assert.notNull(Assert.java:72)
	at com.baomidou.mybatisplus.extension.repository.CrudRepository.getBaseMapper(CrudRepository.java:46)
	at com.baomidou.mybatisplus.extension.repository.IRepository.count(IRepository.java:291)
	at com.josp.system.service.impl.MenuServiceImpl.deleteMenu(MenuServiceImpl.java:88)
	at com.josp.system.service.MenuServiceTest.testDeleteMenu_Success(MenuServiceTest.java:173)
	at java.base/java.lang.reflect.Method.invoke(Method.java:565)
	at java.base/java.util.ArrayList.forEach(ArrayList.java:1604)
	at java.base/java.util.ArrayList.forEach(ArrayList.java:1604)

com.josp.system.service.MenuServiceTest.testUpdateMenu_Success -- Time elapsed: 0.002 s <<< ERROR!
com.baomidou.mybatisplus.core.exceptions.MybatisPlusException: baseMapper can not be null
	at com.baomidou.mybatisplus.core.toolkit.ExceptionUtils.mpe(ExceptionUtils.java:49)
	at com.baomidou.mybatisplus.core.toolkit.Assert.isTrue(Assert.java:38)
	at com.baomidou.mybatisplus.core.toolkit.Assert.notNull(Assert.java:72)
	at com.baomidou.mybatisplus.extension.repository.CrudRepository.getBaseMapper(CrudRepository.java:46)
	at com.baomidou.mybatisplus.extension.repository.IRepository.getById(IRepository.java:183)
	at com.josp.system.service.impl.MenuServiceImpl.updateMenu(MenuServiceImpl.java:68)
	at com.josp.system.service.MenuServiceTest.testUpdateMenu_Success(MenuServiceTest.java:145)
	at java.base/java.lang.reflect.Method.invoke(Method.java:565)
	at java.base/java.util.ArrayList.forEach(ArrayList.java:1604)
	at java.base/java.util.ArrayList.forEach(ArrayList.java:1604)

com.josp.system.service.MenuServiceTest.testGetMenuTreeSelect -- Time elapsed: 0.002 s <<< ERROR!
com.baomidou.mybatisplus.core.exceptions.MybatisPlusException: baseMapper can not be null
	at com.baomidou.mybatisplus.core.toolkit.ExceptionUtils.mpe(ExceptionUtils.java:49)
	at com.baomidou.mybatisplus.core.toolkit.Assert.isTrue(Assert.java:38)
	at com.baomidou.mybatisplus.core.toolkit.Assert.notNull(Assert.java:72)
	at com.baomidou.mybatisplus.extension.repository.CrudRepository.getBaseMapper(CrudRepository.java:46)
	at com.baomidou.mybatisplus.extension.repository.IRepository.list(IRepository.java:300)
	at com.josp.system.service.impl.MenuServiceImpl.listAllMenus(MenuServiceImpl.java:34)
	at com.josp.system.service.impl.MenuServiceImpl.getMenuTreeSelect(MenuServiceImpl.java:50)
	at com.josp.system.service.MenuServiceTest.testGetMenuTreeSelect(MenuServiceTest.java:122)
	at java.base/java.lang.reflect.Method.invoke(Method.java:565)
	at java.base/java.util.ArrayList.forEach(ArrayList.java:1604)
	at java.base/java.util.ArrayList.forEach(ArrayList.java:1604)

com.josp.system.service.MenuServiceTest.testGetMenusByRoleId -- Time elapsed: 0.001 s <<< ERROR!
java.lang.NullPointerException: Cannot invoke "com.josp.system.dao.MenuMapper.listMenusByRoleId(java.lang.Long)" because "this.baseMapper" is null
	at com.josp.system.service.impl.MenuServiceImpl.getMenusByRoleId(MenuServiceImpl.java:97)
	at com.josp.system.service.MenuServiceTest.testGetMenusByRoleId(MenuServiceTest.java:203)
	at java.base/java.lang.reflect.Method.invoke(Method.java:565)
	at java.base/java.util.ArrayList.forEach(ArrayList.java:1604)
	at java.base/java.util.ArrayList.forEach(ArrayList.java:1604)

com.josp.system.service.MenuServiceTest.testListRoutesByUserId -- Time elapsed: 0.001 s <<< ERROR!
java.lang.NullPointerException: Cannot invoke "com.josp.system.dao.MenuMapper.listMenusByUserId(java.lang.Long)" because "this.baseMapper" is null
	at com.josp.system.service.impl.MenuServiceImpl.listRoutesByUserId(MenuServiceImpl.java:26)
	at com.josp.system.service.MenuServiceTest.testListRoutesByUserId(MenuServiceTest.java:69)
	at java.base/java.lang.reflect.Method.invoke(Method.java:565)
	at java.base/java.util.ArrayList.forEach(ArrayList.java:1604)
	at java.base/java.util.ArrayList.forEach(ArrayList.java:1604)

com.josp.system.service.MenuServiceTest.testListAllMenus -- Time elapsed: 0.001 s <<< ERROR!
com.baomidou.mybatisplus.core.exceptions.MybatisPlusException: baseMapper can not be null
	at com.baomidou.mybatisplus.core.toolkit.ExceptionUtils.mpe(ExceptionUtils.java:49)
	at com.baomidou.mybatisplus.core.toolkit.Assert.isTrue(Assert.java:38)
	at com.baomidou.mybatisplus.core.toolkit.Assert.notNull(Assert.java:72)
	at com.baomidou.mybatisplus.extension.repository.CrudRepository.getBaseMapper(CrudRepository.java:46)
	at com.baomidou.mybatisplus.extension.repository.IRepository.list(IRepository.java:300)
	at com.josp.system.service.impl.MenuServiceImpl.listAllMenus(MenuServiceImpl.java:34)
	at com.josp.system.service.MenuServiceTest.testListAllMenus(MenuServiceTest.java:82)
	at java.base/java.lang.reflect.Method.invoke(Method.java:565)
	at java.base/java.util.ArrayList.forEach(ArrayList.java:1604)
	at java.base/java.util.ArrayList.forEach(ArrayList.java:1604)

com.josp.system.service.MenuServiceTest.testDeleteMenu_HasChildren -- Time elapsed: 0.002 s <<< ERROR!
org.mockito.exceptions.misusing.UnnecessaryStubbingException: 

Unnecessary stubbings detected.
Clean & maintainable test code requires zero unnecessary code.
Following stubbings are unnecessary (click to navigate to relevant line of code):
  1. -> at com.josp.system.service.MenuServiceTest.testDeleteMenu_HasChildren(MenuServiceTest.java:185)
  2. -> at com.josp.system.service.MenuServiceTest.testDeleteMenu_HasChildren(MenuServiceTest.java:186)
Please remove unnecessary stubbings or use 'lenient' strictness. More info: javadoc for UnnecessaryStubbingException class.
	at org.mockito.junit.jupiter.MockitoExtension.afterEach(MockitoExtension.java:197)
	at java.base/java.util.ArrayList.forEach(ArrayList.java:1604)
	at java.base/java.util.ArrayList.forEach(ArrayList.java:1604)

com.josp.system.service.MenuServiceTest.testGetMenusByRoleId_Empty -- Time elapsed: 0 s <<< ERROR!
java.lang.NullPointerException: Cannot invoke "com.josp.system.dao.MenuMapper.listMenusByRoleId(java.lang.Long)" because "this.baseMapper" is null
	at com.josp.system.service.impl.MenuServiceImpl.getMenusByRoleId(MenuServiceImpl.java:97)
	at com.josp.system.service.MenuServiceTest.testGetMenusByRoleId_Empty(MenuServiceTest.java:214)
	at java.base/java.lang.reflect.Method.invoke(Method.java:565)
	at java.base/java.util.ArrayList.forEach(ArrayList.java:1604)
	at java.base/java.util.ArrayList.forEach(ArrayList.java:1604)

com.josp.system.service.MenuServiceTest.testGetMenuById -- Time elapsed: 0 s <<< ERROR!
com.baomidou.mybatisplus.core.exceptions.MybatisPlusException: baseMapper can not be null
	at com.baomidou.mybatisplus.core.toolkit.ExceptionUtils.mpe(ExceptionUtils.java:49)
	at com.baomidou.mybatisplus.core.toolkit.Assert.isTrue(Assert.java:38)
	at com.baomidou.mybatisplus.core.toolkit.Assert.notNull(Assert.java:72)
	at com.baomidou.mybatisplus.extension.repository.CrudRepository.getBaseMapper(CrudRepository.java:46)
	at com.baomidou.mybatisplus.extension.repository.IRepository.getById(IRepository.java:183)
	at com.josp.system.service.impl.MenuServiceImpl.getMenuById(MenuServiceImpl.java:39)
	at com.josp.system.service.MenuServiceTest.testGetMenuById(MenuServiceTest.java:93)
	at java.base/java.lang.reflect.Method.invoke(Method.java:565)
	at java.base/java.util.ArrayList.forEach(ArrayList.java:1604)
	at java.base/java.util.ArrayList.forEach(ArrayList.java:1604)

com.josp.system.service.MenuServiceTest.testGetMenuTree -- Time elapsed: 0.001 s <<< ERROR!
com.baomidou.mybatisplus.core.exceptions.MybatisPlusException: baseMapper can not be null
	at com.baomidou.mybatisplus.core.toolkit.ExceptionUtils.mpe(ExceptionUtils.java:49)
	at com.baomidou.mybatisplus.core.toolkit.Assert.isTrue(Assert.java:38)
	at com.baomidou.mybatisplus.core.toolkit.Assert.notNull(Assert.java:72)
	at com.baomidou.mybatisplus.extension.repository.CrudRepository.getBaseMapper(CrudRepository.java:46)
	at com.baomidou.mybatisplus.extension.repository.IRepository.list(IRepository.java:300)
	at com.josp.system.service.impl.MenuServiceImpl.listAllMenus(MenuServiceImpl.java:34)
	at com.josp.system.service.impl.MenuServiceImpl.getMenuTree(MenuServiceImpl.java:44)
	at com.josp.system.service.MenuServiceTest.testGetMenuTree(MenuServiceTest.java:111)
	at java.base/java.lang.reflect.Method.invoke(Method.java:565)
	at java.base/java.util.ArrayList.forEach(ArrayList.java:1604)
	at java.base/java.util.ArrayList.forEach(ArrayList.java:1604)

com.josp.system.service.MenuServiceTest.testUpdateMenu_NotFound -- Time elapsed: 0.001 s <<< ERROR!
org.mockito.exceptions.misusing.UnnecessaryStubbingException: 

Unnecessary stubbings detected.
Clean & maintainable test code requires zero unnecessary code.
Following stubbings are unnecessary (click to navigate to relevant line of code):
  1. -> at com.josp.system.service.MenuServiceTest.testUpdateMenu_NotFound(MenuServiceTest.java:154)
Please remove unnecessary stubbings or use 'lenient' strictness. More info: javadoc for UnnecessaryStubbingException class.
	at org.mockito.junit.jupiter.MockitoExtension.afterEach(MockitoExtension.java:197)
	at java.base/java.util.ArrayList.forEach(ArrayList.java:1604)
	at java.base/java.util.ArrayList.forEach(ArrayList.java:1604)

com.josp.system.service.MenuServiceTest.testCreateMenu_Success -- Time elapsed: 0.001 s <<< ERROR!
com.baomidou.mybatisplus.core.exceptions.MybatisPlusException: baseMapper can not be null
	at com.baomidou.mybatisplus.core.toolkit.ExceptionUtils.mpe(ExceptionUtils.java:49)
	at com.baomidou.mybatisplus.core.toolkit.Assert.isTrue(Assert.java:38)
	at com.baomidou.mybatisplus.core.toolkit.Assert.notNull(Assert.java:72)
	at com.baomidou.mybatisplus.extension.repository.CrudRepository.getBaseMapper(CrudRepository.java:46)
	at com.baomidou.mybatisplus.extension.repository.IRepository.save(IRepository.java:37)
	at com.josp.system.service.impl.MenuServiceImpl.createMenu(MenuServiceImpl.java:58)
	at com.josp.system.service.MenuServiceTest.testCreateMenu_Success(MenuServiceTest.java:132)
	at java.base/java.lang.reflect.Method.invoke(Method.java:565)
	at java.base/java.util.ArrayList.forEach(ArrayList.java:1604)
	at java.base/java.util.ArrayList.forEach(ArrayList.java:1604)

