-------------------------------------------------------------------------------
Test set: com.josp.system.service.DictServiceTest
-------------------------------------------------------------------------------
Tests run: 7, Failures: 0, Errors: 3, Skipped: 0, Time elapsed: 0.010 s <<< FAILURE! -- in com.josp.system.service.DictServiceTest
com.josp.system.service.DictServiceTest.testGetAllDictDataGrouped_Empty -- Time elapsed: 0.002 s <<< ERROR!
java.lang.NullPointerException: Cannot invoke "com.josp.system.dao.DictTypeMapper.selectList(com.baomidou.mybatisplus.core.conditions.Wrapper)" because "this.baseMapper" is null
	at com.josp.system.service.impl.DictServiceImpl.getAllDictDataGrouped(DictServiceImpl.java:47)
	at com.josp.system.service.DictServiceTest.testGetAllDictDataGrouped_Empty(DictServiceTest.java:128)
	at java.base/java.lang.reflect.Method.invoke(Method.java:565)
	at java.base/java.util.ArrayList.forEach(ArrayList.java:1604)
	at java.base/java.util.ArrayList.forEach(ArrayList.java:1604)

com.josp.system.service.DictServiceTest.testGetAllDictDataGrouped -- Time elapsed: 0.002 s <<< ERROR!
java.lang.NullPointerException: Cannot invoke "com.josp.system.dao.DictTypeMapper.selectList(com.baomidou.mybatisplus.core.conditions.Wrapper)" because "this.baseMapper" is null
	at com.josp.system.service.impl.DictServiceImpl.getAllDictDataGrouped(DictServiceImpl.java:47)
	at com.josp.system.service.DictServiceTest.testGetAllDictDataGrouped(DictServiceTest.java:116)
	at java.base/java.lang.reflect.Method.invoke(Method.java:565)
	at java.base/java.util.ArrayList.forEach(ArrayList.java:1604)
	at java.base/java.util.ArrayList.forEach(ArrayList.java:1604)

com.josp.system.service.DictServiceTest.testListAllDictTypes -- Time elapsed: 0 s <<< ERROR!
java.lang.NullPointerException: Cannot invoke "com.josp.system.dao.DictTypeMapper.selectList(com.baomidou.mybatisplus.core.conditions.Wrapper)" because "this.baseMapper" is null
	at com.josp.system.service.impl.DictServiceImpl.listAllDictTypes(DictServiceImpl.java:28)
	at com.josp.system.service.DictServiceTest.testListAllDictTypes(DictServiceTest.java:65)
	at java.base/java.lang.reflect.Method.invoke(Method.java:565)
	at java.base/java.util.ArrayList.forEach(ArrayList.java:1604)
	at java.base/java.util.ArrayList.forEach(ArrayList.java:1604)

