<?xml version="1.0" encoding="UTF-8"?>
<testsuite xmlns:xsi="http://www.w3.org/2001/XMLSchema-instance" xsi:noNamespaceSchemaLocation="https://maven.apache.org/surefire/maven-surefire-plugin/xsd/surefire-test-report.xsd" name="wo1261931780.JOSPexaminationSystemJava.JospExaminationSystemJavaApplicationTests" time="3.418" tests="1" errors="0" skipped="0" failures="0">
  <properties>
[...]
</properties>
  <testcase name="contextLoads" classname="wo1261931780.JOSPexaminationSystemJava.JospExaminationSystemJavaApplicationTests" time="0.304"/>
</testsuite>