<?xml version="1.0" encoding="UTF-8"?>
<testsuite xmlns:xsi="http://www.w3.org/2001/XMLSchema-instance" xsi:noNamespaceSchemaLocation="https://maven.apache.org/surefire/maven-surefire-plugin/xsd/surefire-test-report.xsd" version="3.0.2" name="wo1261931780.JOSPexaminationSystemJava.JospExaminationSystemJavaApplicationTests" time="5.619" tests="1" errors="0" skipped="0" failures="0">
  <properties>
[...]
</properties>
  <testcase name="contextLoads" classname="wo1261931780.JOSPexaminationSystemJava.JospExaminationSystemJavaApplicationTests" time="0.725">
    <system-out><![CDATA[      _ _    _ _   ___          __           _____  _____   ____       _ ______ _____ _______
     | | |  | | \ | \ \        / /          |  __ \|  __ \ / __ \     | |  ____/ ____|__   __|
     | | |  | |  \| |\ \  /\  / /           | |__) | |__) | |  | |    | | |__ | |       | |
 _   | | |  | | . ` | \ \/  \/ /            |  ___/|  _  /| |  | |_   | |  __|| |       | |
| |__| | |__| | |\  |  \  /\  /             | |    | | \ \| |__| | |__| | |___| |____   | |
 \____/ \____/|_| \_|   \/  \/              |_|    |_|  \_\\____/ \____/|______\_____|  |_|
                                    ______
                                   |______|
                                   
2026-04-07T01:21:16.219+08:00  INFO 19432 --- [           main] ospExaminationSystemJavaApplicationTests : Starting JospExaminationSystemJavaApplicationTests using Java 17.0.18 with PID 19432 (started by 64234 in C:\Users\64234\Documents\GitHub\system\JOSP-SystemTempleJava)
2026-04-07T01:21:16.222+08:00  INFO 19432 --- [           main] ospExaminationSystemJavaApplicationTests : No active profile set, falling back to 1 default profile: "default"
2026-04-07T01:21:18.024+08:00  INFO 19432 --- [           main] com.zaxxer.hikari.HikariDataSource       : master - Starting...
2026-04-07T01:21:18.208+08:00  INFO 19432 --- [           main] com.zaxxer.hikari.pool.HikariPool        : master - Added connection com.mysql.cj.jdbc.ConnectionImpl@68f776ee
2026-04-07T01:21:18.223+08:00  INFO 19432 --- [           main] com.zaxxer.hikari.HikariDataSource       : master - Start completed.
2026-04-07T01:21:18.223+08:00  INFO 19432 --- [           main] c.b.d.d.DynamicRoutingDataSource         : dynamic-datasource - add a datasource named [master] success
2026-04-07T01:21:18.224+08:00  INFO 19432 --- [           main] c.b.d.d.DynamicRoutingDataSource         : dynamic-datasource initial loaded [1] datasource,primary datasource named [master]
 _ _   |_  _ _|_. ___ _ |    _ 
| | |\/|_)(_| | |_\  |_)||_|_\ 
     /               |         
                        3.5.10.1 
2026-04-07T01:21:18.959+08:00  INFO 19432 --- [           main] r$InitializeUserDetailsManagerConfigurer : Global AuthenticationManager configured with UserDetailsService bean with name userDetailsServiceImpl
2026-04-07T01:21:19.566+08:00  INFO 19432 --- [           main] o.s.b.a.e.web.EndpointLinksResolver      : Exposing 1 endpoint beneath base path '/actuator'
2026-04-07T01:21:20.409+08:00  INFO 19432 --- [           main] ospExaminationSystemJavaApplicationTests : Started JospExaminationSystemJavaApplicationTests in 4.516 seconds (process running for 5.228)
]]></system-out>
  </testcase>
</testsuite>