<?xml version="1.0" encoding="UTF-8"?>
<testsuite xmlns:xsi="http://www.w3.org/2001/XMLSchema-instance" xsi:noNamespaceSchemaLocation="https://maven.apache.org/surefire/maven-surefire-plugin/xsd/surefire-test-report.xsd" version="3.0.2" name="com.josp.system.service.MenuServiceTest" time="0.05" tests="14" errors="12" skipped="0" failures="0">
  <properties>
[...]
</properties>
  <testcase name="testDeleteMenu_Success" classname="com.josp.system.service.MenuServiceTest" time="0.033">
    <error message="baseMapper can not be null" type="com.baomidou.mybatisplus.core.exceptions.MybatisPlusException"><![CDATA[com.baomidou.mybatisplus.core.exceptions.MybatisPlusException: baseMapper can not be null
	at com.baomidou.mybatisplus.core.toolkit.ExceptionUtils.mpe(ExceptionUtils.java:49)
	at com.baomidou.mybatisplus.core.toolkit.Assert.isTrue(Assert.java:38)
	at com.baomidou.mybatisplus.core.toolkit.Assert.notNull(Assert.java:72)
	at com.baomidou.mybatisplus.extension.repository.CrudRepository.getBaseMapper(CrudRepository.java:46)
	at com.baomidou.mybatisplus.extension.repository.IRepository.count(IRepository.java:291)
	at com.josp.system.service.impl.MenuServiceImpl.deleteMenu(MenuServiceImpl.java:88)
	at com.josp.system.service.MenuServiceTest.testDeleteMenu_Success(MenuServiceTest.java:173)
	at java.base/java.lang.reflect.Method.invoke(Method.java:565)
	at java.base/java.util.ArrayList.forEach(ArrayList.java:1604)
	at java.base/java.util.ArrayList.forEach(ArrayList.java:1604)
]]></error>
  </testcase>
  <testcase name="testUpdateMenu_Success" classname="com.josp.system.service.MenuServiceTest" time="0.002">
    <error message="baseMapper can not be null" type="com.baomidou.mybatisplus.core.exceptions.MybatisPlusException"><![CDATA[com.baomidou.mybatisplus.core.exceptions.MybatisPlusException: baseMapper can not be null
	at com.baomidou.mybatisplus.core.toolkit.ExceptionUtils.mpe(ExceptionUtils.java:49)
	at com.baomidou.mybatisplus.core.toolkit.Assert.isTrue(Assert.java:38)
	at com.baomidou.mybatisplus.core.toolkit.Assert.notNull(Assert.java:72)
	at com.baomidou.mybatisplus.extension.repository.CrudRepository.getBaseMapper(CrudRepository.java:46)
	at com.baomidou.mybatisplus.extension.repository.IRepository.getById(IRepository.java:183)
	at com.josp.system.service.impl.MenuServiceImpl.updateMenu(MenuServiceImpl.java:68)
	at com.josp.system.service.MenuServiceTest.testUpdateMenu_Success(MenuServiceTest.java:145)
	at java.base/java.lang.reflect.Method.invoke(Method.java:565)
	at java.base/java.util.ArrayList.forEach(ArrayList.java:1604)
	at java.base/java.util.ArrayList.forEach(ArrayList.java:1604)
]]></error>
  </testcase>
  <testcase name="testDeleteMenu_NullId" classname="com.josp.system.service.MenuServiceTest" time="0.001"/>
  <testcase name="testGetMenuTreeSelect" classname="com.josp.system.service.MenuServiceTest" time="0.002">
    <error message="baseMapper can not be null" type="com.baomidou.mybatisplus.core.exceptions.MybatisPlusException"><![CDATA[com.baomidou.mybatisplus.core.exceptions.MybatisPlusException: baseMapper can not be null
	at com.baomidou.mybatisplus.core.toolkit.ExceptionUtils.mpe(ExceptionUtils.java:49)
	at com.baomidou.mybatisplus.core.toolkit.Assert.isTrue(Assert.java:38)
	at com.baomidou.mybatisplus.core.toolkit.Assert.notNull(Assert.java:72)
	at com.baomidou.mybatisplus.extension.repository.CrudRepository.getBaseMapper(CrudRepository.java:46)
	at com.baomidou.mybatisplus.extension.repository.IRepository.list(IRepository.java:300)
	at com.josp.system.service.impl.MenuServiceImpl.listAllMenus(MenuServiceImpl.java:34)
	at com.josp.system.service.impl.MenuServiceImpl.getMenuTreeSelect(MenuServiceImpl.java:50)
	at com.josp.system.service.MenuServiceTest.testGetMenuTreeSelect(MenuServiceTest.java:122)
	at java.base/java.lang.reflect.Method.invoke(Method.java:565)
	at java.base/java.util.ArrayList.forEach(ArrayList.java:1604)
	at java.base/java.util.ArrayList.forEach(ArrayList.java:1604)
]]></error>
  </testcase>
  <testcase name="testGetMenusByRoleId" classname="com.josp.system.service.MenuServiceTest" time="0.001">
    <error message="Cannot invoke &quot;com.josp.system.dao.MenuMapper.listMenusByRoleId(java.lang.Long)&quot; because &quot;this.baseMapper&quot; is null" type="java.lang.NullPointerException"><![CDATA[java.lang.NullPointerException: Cannot invoke "com.josp.system.dao.MenuMapper.listMenusByRoleId(java.lang.Long)" because "this.baseMapper" is null
	at com.josp.system.service.impl.MenuServiceImpl.getMenusByRoleId(MenuServiceImpl.java:97)
	at com.josp.system.service.MenuServiceTest.testGetMenusByRoleId(MenuServiceTest.java:203)
	at java.base/java.lang.reflect.Method.invoke(Method.java:565)
	at java.base/java.util.ArrayList.forEach(ArrayList.java:1604)
	at java.base/java.util.ArrayList.forEach(ArrayList.java:1604)
]]></error>
  </testcase>
  <testcase name="testListRoutesByUserId" classname="com.josp.system.service.MenuServiceTest" time="0.001">
    <error message="Cannot invoke &quot;com.josp.system.dao.MenuMapper.listMenusByUserId(java.lang.Long)&quot; because &quot;this.baseMapper&quot; is null" type="java.lang.NullPointerException"><![CDATA[java.lang.NullPointerException: Cannot invoke "com.josp.system.dao.MenuMapper.listMenusByUserId(java.lang.Long)" because "this.baseMapper" is null
	at com.josp.system.service.impl.MenuServiceImpl.listRoutesByUserId(MenuServiceImpl.java:26)
	at com.josp.system.service.MenuServiceTest.testListRoutesByUserId(MenuServiceTest.java:69)
	at java.base/java.lang.reflect.Method.invoke(Method.java:565)
	at java.base/java.util.ArrayList.forEach(ArrayList.java:1604)
	at java.base/java.util.ArrayList.forEach(ArrayList.java:1604)
]]></error>
  </testcase>
  <testcase name="testListAllMenus" classname="com.josp.system.service.MenuServiceTest" time="0.001">
    <error message="baseMapper can not be null" type="com.baomidou.mybatisplus.core.exceptions.MybatisPlusException"><![CDATA[com.baomidou.mybatisplus.core.exceptions.MybatisPlusException: baseMapper can not be null
	at com.baomidou.mybatisplus.core.toolkit.ExceptionUtils.mpe(ExceptionUtils.java:49)
	at com.baomidou.mybatisplus.core.toolkit.Assert.isTrue(Assert.java:38)
	at com.baomidou.mybatisplus.core.toolkit.Assert.notNull(Assert.java:72)
	at com.baomidou.mybatisplus.extension.repository.CrudRepository.getBaseMapper(CrudRepository.java:46)
	at com.baomidou.mybatisplus.extension.repository.IRepository.list(IRepository.java:300)
	at com.josp.system.service.impl.MenuServiceImpl.listAllMenus(MenuServiceImpl.java:34)
	at com.josp.system.service.MenuServiceTest.testListAllMenus(MenuServiceTest.java:82)
	at java.base/java.lang.reflect.Method.invoke(Method.java:565)
	at java.base/java.util.ArrayList.forEach(ArrayList.java:1604)
	at java.base/java.util.ArrayList.forEach(ArrayList.java:1604)
]]></error>
  </testcase>
  <testcase name="testDeleteMenu_HasChildren" classname="com.josp.system.service.MenuServiceTest" time="0.002">
    <error message="&#10;Unnecessary stubbings detected.&#10;Clean &amp; maintainable test code requires zero unnecessary code.&#10;Following stubbings are unnecessary (click to navigate to relevant line of code):&#10;  1. -&gt; at com.josp.system.service.MenuServiceTest.testDeleteMenu_HasChildren(MenuServiceTest.java:185)&#10;  2. -&gt; at com.josp.system.service.MenuServiceTest.testDeleteMenu_HasChildren(MenuServiceTest.java:186)&#10;Please remove unnecessary stubbings or use &apos;lenient&apos; strictness. More info: javadoc for UnnecessaryStubbingException class." type="org.mockito.exceptions.misusing.UnnecessaryStubbingException"><![CDATA[org.mockito.exceptions.misusing.UnnecessaryStubbingException: 

Unnecessary stubbings detected.
Clean & maintainable test code requires zero unnecessary code.
Following stubbings are unnecessary (click to navigate to relevant line of code):
  1. -> at com.josp.system.service.MenuServiceTest.testDeleteMenu_HasChildren(MenuServiceTest.java:185)
  2. -> at com.josp.system.service.MenuServiceTest.testDeleteMenu_HasChildren(MenuServiceTest.java:186)
Please remove unnecessary stubbings or use 'lenient' strictness. More info: javadoc for UnnecessaryStubbingException class.
	at org.mockito.junit.jupiter.MockitoExtension.afterEach(MockitoExtension.java:197)
	at java.base/java.util.ArrayList.forEach(ArrayList.java:1604)
	at java.base/java.util.ArrayList.forEach(ArrayList.java:1604)
]]></error>
  </testcase>
  <testcase name="testGetMenusByRoleId_Empty" classname="com.josp.system.service.MenuServiceTest" time="0.0">
    <error message="Cannot invoke &quot;com.josp.system.dao.MenuMapper.listMenusByRoleId(java.lang.Long)&quot; because &quot;this.baseMapper&quot; is null" type="java.lang.NullPointerException"><![CDATA[java.lang.NullPointerException: Cannot invoke "com.josp.system.dao.MenuMapper.listMenusByRoleId(java.lang.Long)" because "this.baseMapper" is null
	at com.josp.system.service.impl.MenuServiceImpl.getMenusByRoleId(MenuServiceImpl.java:97)
	at com.josp.system.service.MenuServiceTest.testGetMenusByRoleId_Empty(MenuServiceTest.java:214)
	at java.base/java.lang.reflect.Method.invoke(Method.java:565)
	at java.base/java.util.ArrayList.forEach(ArrayList.java:1604)
	at java.base/java.util.ArrayList.forEach(ArrayList.java:1604)
]]></error>
  </testcase>
  <testcase name="testGetMenuById" classname="com.josp.system.service.MenuServiceTest" time="0.0">
    <error message="baseMapper can not be null" type="com.baomidou.mybatisplus.core.exceptions.MybatisPlusException"><![CDATA[com.baomidou.mybatisplus.core.exceptions.MybatisPlusException: baseMapper can not be null
	at com.baomidou.mybatisplus.core.toolkit.ExceptionUtils.mpe(ExceptionUtils.java:49)
	at com.baomidou.mybatisplus.core.toolkit.Assert.isTrue(Assert.java:38)
	at com.baomidou.mybatisplus.core.toolkit.Assert.notNull(Assert.java:72)
	at com.baomidou.mybatisplus.extension.repository.CrudRepository.getBaseMapper(CrudRepository.java:46)
	at com.baomidou.mybatisplus.extension.repository.IRepository.getById(IRepository.java:183)
	at com.josp.system.service.impl.MenuServiceImpl.getMenuById(MenuServiceImpl.java:39)
	at com.josp.system.service.MenuServiceTest.testGetMenuById(MenuServiceTest.java:93)
	at java.base/java.lang.reflect.Method.invoke(Method.java:565)
	at java.base/java.util.ArrayList.forEach(ArrayList.java:1604)
	at java.base/java.util.ArrayList.forEach(ArrayList.java:1604)
]]></error>
  </testcase>
  <testcase name="testGetMenuTree" classname="com.josp.system.service.MenuServiceTest" time="0.001">
    <error message="baseMapper can not be null" type="com.baomidou.mybatisplus.core.exceptions.MybatisPlusException"><![CDATA[com.baomidou.mybatisplus.core.exceptions.MybatisPlusException: baseMapper can not be null
	at com.baomidou.mybatisplus.core.toolkit.ExceptionUtils.mpe(ExceptionUtils.java:49)
	at com.baomidou.mybatisplus.core.toolkit.Assert.isTrue(Assert.java:38)
	at com.baomidou.mybatisplus.core.toolkit.Assert.notNull(Assert.java:72)
	at com.baomidou.mybatisplus.extension.repository.CrudRepository.getBaseMapper(CrudRepository.java:46)
	at com.baomidou.mybatisplus.extension.repository.IRepository.list(IRepository.java:300)
	at com.josp.system.service.impl.MenuServiceImpl.listAllMenus(MenuServiceImpl.java:34)
	at com.josp.system.service.impl.MenuServiceImpl.getMenuTree(MenuServiceImpl.java:44)
	at com.josp.system.service.MenuServiceTest.testGetMenuTree(MenuServiceTest.java:111)
	at java.base/java.lang.reflect.Method.invoke(Method.java:565)
	at java.base/java.util.ArrayList.forEach(ArrayList.java:1604)
	at java.base/java.util.ArrayList.forEach(ArrayList.java:1604)
]]></error>
  </testcase>
  <testcase name="testUpdateMenu_NotFound" classname="com.josp.system.service.MenuServiceTest" time="0.001">
    <error message="&#10;Unnecessary stubbings detected.&#10;Clean &amp; maintainable test code requires zero unnecessary code.&#10;Following stubbings are unnecessary (click to navigate to relevant line of code):&#10;  1. -&gt; at com.josp.system.service.MenuServiceTest.testUpdateMenu_NotFound(MenuServiceTest.java:154)&#10;Please remove unnecessary stubbings or use &apos;lenient&apos; strictness. More info: javadoc for UnnecessaryStubbingException class." type="org.mockito.exceptions.misusing.UnnecessaryStubbingException"><![CDATA[org.mockito.exceptions.misusing.UnnecessaryStubbingException: 

Unnecessary stubbings detected.
Clean & maintainable test code requires zero unnecessary code.
Following stubbings are unnecessary (click to navigate to relevant line of code):
  1. -> at com.josp.system.service.MenuServiceTest.testUpdateMenu_NotFound(MenuServiceTest.java:154)
Please remove unnecessary stubbings or use 'lenient' strictness. More info: javadoc for UnnecessaryStubbingException class.
	at org.mockito.junit.jupiter.MockitoExtension.afterEach(MockitoExtension.java:197)
	at java.base/java.util.ArrayList.forEach(ArrayList.java:1604)
	at java.base/java.util.ArrayList.forEach(ArrayList.java:1604)
]]></error>
  </testcase>
  <testcase name="testCreateMenu_Success" classname="com.josp.system.service.MenuServiceTest" time="0.001">
    <error message="baseMapper can not be null" type="com.baomidou.mybatisplus.core.exceptions.MybatisPlusException"><![CDATA[com.baomidou.mybatisplus.core.exceptions.MybatisPlusException: baseMapper can not be null
	at com.baomidou.mybatisplus.core.toolkit.ExceptionUtils.mpe(ExceptionUtils.java:49)
	at com.baomidou.mybatisplus.core.toolkit.Assert.isTrue(Assert.java:38)
	at com.baomidou.mybatisplus.core.toolkit.Assert.notNull(Assert.java:72)
	at com.baomidou.mybatisplus.extension.repository.CrudRepository.getBaseMapper(CrudRepository.java:46)
	at com.baomidou.mybatisplus.extension.repository.IRepository.save(IRepository.java:37)
	at com.josp.system.service.impl.MenuServiceImpl.createMenu(MenuServiceImpl.java:58)
	at com.josp.system.service.MenuServiceTest.testCreateMenu_Success(MenuServiceTest.java:132)
	at java.base/java.lang.reflect.Method.invoke(Method.java:565)
	at java.base/java.util.ArrayList.forEach(ArrayList.java:1604)
	at java.base/java.util.ArrayList.forEach(ArrayList.java:1604)
]]></error>
  </testcase>
  <testcase name="testUpdateMenu_NullId" classname="com.josp.system.service.MenuServiceTest" time="0.0"/>
</testsuite>